#
# There is insufficient memory for the Java Runtime Environment to continue.
# Native memory allocation (malloc) failed to allocate 32744 bytes for ChunkPool::allocate
# Possible reasons:
#   The system is out of physical RAM or swap space
#   The process is running with CompressedOops enabled, and the Java Heap may be blocking the growth of the native heap
# Possible solutions:
#   Reduce memory load on the system
#   Increase physical memory or swap space
#   Check if swap backing store is full
#   Decrease Java heap size (-Xmx/-Xms)
#   Decrease number of Java threads
#   Decrease Java thread stack sizes (-Xss)
#   Set larger code cache with -XX:ReservedCodeCacheSize=
#   JVM is running with Unscaled Compressed Oops mode in which the Java heap is
#     placed in the first 4GB address space. The Java Heap base address is the
#     maximum limit for the native heap growth. Please use -XX:HeapBaseMinAddress
#     to set the Java Heap base and to place the Java Heap above 4GB virtual address.
# This output file may be truncated or incomplete.
#
#  Out of Memory Error (t:/workspace/open/src/hotspot/share/memory/arena.cpp:81), pid=12192, tid=11864
#
# JRE version: Java(TM) SE Runtime Environment (12.0.1+12) (build 12.0.1+12)
# Java VM: Java HotSpot(TM) 64-Bit Server VM (12.0.1+12, mixed mode, sharing, tiered, compressed oops, g1 gc, windows-amd64)
# No core dump will be written. Minidumps are not enabled by default on client versions of Windows
#

---------------  S U M M A R Y ------------

Command Line: -Dclassworlds.conf=C:\Tools\apache-maven-3.6.1\bin\..\bin\m2.conf -Dmaven.home=C:\Tools\apache-maven-3.6.1\bin\.. -Dlibrary.jansi.path=C:\Tools\apache-maven-3.6.1\bin\..\lib\jansi-native -Dmaven.multiModuleProjectDirectory=C:\MavenProjects\transdekra org.codehaus.plexus.classworlds.launcher.Launcher gatling:test -Darg=stage

Host: Intel(R) Core(TM) i5-7600 CPU @ 3.50GHz, 4 cores, 7G,  Windows 7 , 64 bit Build 7601 (6.1.7601.24441)
Time: Tue Jul 28 11:37:20 2020  elapsed time: 19 seconds (0d 0h 0m 19s)

---------------  T H R E A D  ---------------

Current thread (0x0000000022079000):  JavaThread "C2 CompilerThread0" daemon [_thread_in_native, id=11864, stack(0x0000000022ab0000,0x0000000022bb0000)]


Current CompileTask:
C2:  19738 3697  s    4       org.fusesource.jansi.AnsiPrintStream::filter (948 bytes)

Stack: [0x0000000022ab0000,0x0000000022bb0000]
Native frames: (J=compiled Java code, j=interpreted, Vv=VM code, C=native code)
V  [jvm.dll+0x63948a]
V  [jvm.dll+0x78b31f]
V  [jvm.dll+0x78c9c1]
V  [jvm.dll+0x78d013]
V  [jvm.dll+0x262138]
V  [jvm.dll+0xc5a56]
V  [jvm.dll+0xc5dac]
V  [jvm.dll+0x61b8ad]
V  [jvm.dll+0x89e2c]
V  [jvm.dll+0x5ded9e]
V  [jvm.dll+0x652067]
V  [jvm.dll+0x657cd7]
V  [jvm.dll+0x64fb8b]
V  [jvm.dll+0x64f1ac]
V  [jvm.dll+0x64d057]
V  [jvm.dll+0x19c2dc]
V  [jvm.dll+0x2d29d6]
V  [jvm.dll+0x6580fe]
V  [jvm.dll+0x64fb8b]
V  [jvm.dll+0x64f1ac]
V  [jvm.dll+0x64d057]
V  [jvm.dll+0x19c2dc]
V  [jvm.dll+0x21aeab]
V  [jvm.dll+0x199890]
V  [jvm.dll+0x22a534]
V  [jvm.dll+0x228b88]
V  [jvm.dll+0x74f660]
V  [jvm.dll+0x748648]
V  [jvm.dll+0x638566]
C  [ucrtbase.DLL+0x1d885]
C  [kernel32.dll+0x1556d]
C  [ntdll.dll+0x5385d]


---------------  P R O C E S S  ---------------

Threads class SMR info:
_java_thread_list=0x000000002441b790, length=18, elements={
0x0000000000319800, 0x00000000214cc000, 0x00000000214cd000, 0x0000000022072000,
0x0000000022077000, 0x0000000022079000, 0x0000000022081800, 0x000000002208a800,
0x0000000022d5f000, 0x0000000022d53000, 0x00000000243e4000, 0x0000000024b9e000,
0x00000000242a8800, 0x00000000242a9800, 0x00000000242aa000, 0x0000000024eaa800,
0x0000000024eab800, 0x0000000024e84000
}

Java Threads: ( => current thread )
  0x0000000000319800 JavaThread "main" [_thread_in_native, id=17204, stack(0x0000000002170000,0x0000000002270000)]
  0x00000000214cc000 JavaThread "Reference Handler" daemon [_thread_blocked, id=14872, stack(0x0000000022500000,0x0000000022600000)]
  0x00000000214cd000 JavaThread "Finalizer" daemon [_thread_blocked, id=15784, stack(0x0000000022690000,0x0000000022790000)]
  0x0000000022072000 JavaThread "Signal Dispatcher" daemon [_thread_blocked, id=10220, stack(0x00000000221d0000,0x00000000222d0000)]
  0x0000000022077000 JavaThread "Attach Listener" daemon [_thread_blocked, id=1304, stack(0x0000000022940000,0x0000000022a40000)]
=>0x0000000022079000 JavaThread "C2 CompilerThread0" daemon [_thread_in_native, id=11864, stack(0x0000000022ab0000,0x0000000022bb0000)]
  0x0000000022081800 JavaThread "C1 CompilerThread0" daemon [_thread_blocked, id=8504, stack(0x0000000022840000,0x0000000022940000)]
  0x000000002208a800 JavaThread "Sweeper thread" daemon [_thread_blocked, id=13376, stack(0x0000000022bc0000,0x0000000022cc0000)]
  0x0000000022d5f000 JavaThread "Service Thread" daemon [_thread_blocked, id=17136, stack(0x0000000023230000,0x0000000023330000)]
  0x0000000022d53000 JavaThread "Common-Cleaner" daemon [_thread_blocked, id=5356, stack(0x0000000023690000,0x0000000023790000)]
  0x00000000243e4000 JavaThread "resolver-1" daemon [_thread_blocked, id=15740, stack(0x0000000023340000,0x0000000023440000)]
  0x0000000024b9e000 JavaThread "resolver-2" daemon [_thread_blocked, id=12292, stack(0x0000000026750000,0x0000000026850000)]
  0x00000000242a8800 JavaThread "resolver-3" daemon [_thread_blocked, id=15836, stack(0x0000000023110000,0x0000000023210000)]
  0x00000000242a9800 JavaThread "resolver-4" daemon [_thread_blocked, id=8532, stack(0x0000000026980000,0x0000000026a80000)]
  0x00000000242aa000 JavaThread "resolver-5" daemon [_thread_blocked, id=13648, stack(0x0000000026b70000,0x0000000026c70000)]
  0x0000000024eaa800 JavaThread "Exec Stream Pumper" daemon [_thread_in_native, id=8064, stack(0x0000000026dd0000,0x0000000026ed0000)]
  0x0000000024eab800 JavaThread "Exec Stream Pumper" daemon [_thread_in_native, id=3244, stack(0x0000000027060000,0x0000000027160000)]
  0x0000000024e84000 JavaThread "Exec Input Stream Pumper" daemon [_thread_blocked, id=7344, stack(0x0000000027270000,0x0000000027370000)]

Other Threads:
  0x00000000214c8000 VMThread "VM Thread" [stack: 0x0000000022310000,0x0000000022410000] [id=15600]
  0x0000000022d62800 WatcherThread [stack: 0x0000000023440000,0x0000000023540000] [id=15088]
  0x0000000000359800 GCTaskThread "GC Thread#0" [stack: 0x000000001ebc0000,0x000000001ecc0000] [id=11832]
  0x0000000023a80000 GCTaskThread "GC Thread#1" [stack: 0x0000000024000000,0x0000000024100000] [id=10512]
  0x0000000023d9e800 GCTaskThread "GC Thread#2" [stack: 0x0000000023550000,0x0000000023650000] [id=13100]
  0x0000000000368000 ConcurrentGCThread "G1 Main Marker" [stack: 0x000000001ecf0000,0x000000001edf0000] [id=4204]
  0x0000000000369800 ConcurrentGCThread "G1 Conc#0" [stack: 0x000000001efa0000,0x000000001f0a0000] [id=11560]
  0x0000000021423800 ConcurrentGCThread "G1 Refine#0" [stack: 0x0000000021680000,0x0000000021780000] [id=9100]
  0x0000000021424000 ConcurrentGCThread "G1 Young RemSet Sampling" [stack: 0x0000000021540000,0x0000000021640000] [id=7616]

Threads with active compile tasks:
C2 CompilerThread0  3697  s    4       org.fusesource.jansi.AnsiPrintStream::filter (948 bytes)

VM state:not at safepoint (normal execution)

VM Mutex/Monitor currently owned by a thread: None

Heap address: 0x0000000082000000, size: 2016 MB, Compressed Oops mode: 32-bit
Narrow klass base: 0x0000000800000000, Narrow klass shift: 3
Compressed class space size: 1073741824 Address: 0x00000008011a0000

Heap:
 garbage-first heap   total 129024K, used 21355K [0x0000000082000000, 0x0000000100000000)
  region size 1024K, 19 young (19456K), 7 survivors (7168K)
 Metaspace       used 14845K, capacity 16025K, committed 16384K, reserved 1062912K
  class space    used 1660K, capacity 1925K, committed 2048K, reserved 1048576K
Heap Regions: E=young(eden), S=young(survivor), O=old, HS=humongous(starts), HC=humongous(continues), CS=collection set, F=free, A=archive, TAMS=top-at-mark-start (previous, next)
|   0|0x0000000082000000, 0x0000000082100000, 0x0000000082100000|100%| O|  |TAMS 0x0000000082000000, 0x0000000082000000| Untracked 
|   1|0x0000000082100000, 0x0000000082200000, 0x0000000082200000|100%| O|  |TAMS 0x0000000082100000, 0x0000000082100000| Untracked 
|   2|0x0000000082200000, 0x0000000082300000, 0x0000000082300000|100%| O|  |TAMS 0x0000000082200000, 0x0000000082200000| Untracked 
|   3|0x0000000082300000, 0x000000008232ec00, 0x0000000082400000| 18%| O|  |TAMS 0x0000000082300000, 0x0000000082300000| Untracked 
|   4|0x0000000082400000, 0x0000000082400000, 0x0000000082500000|  0%| F|  |TAMS 0x0000000082400000, 0x0000000082400000| Untracked 
|   5|0x0000000082500000, 0x0000000082500000, 0x0000000082600000|  0%| F|  |TAMS 0x0000000082500000, 0x0000000082500000| Untracked 
|   6|0x0000000082600000, 0x0000000082600000, 0x0000000082700000|  0%| F|  |TAMS 0x0000000082600000, 0x0000000082600000| Untracked 
|   7|0x0000000082700000, 0x0000000082700000, 0x0000000082800000|  0%| F|  |TAMS 0x0000000082700000, 0x0000000082700000| Untracked 
|   8|0x0000000082800000, 0x0000000082800000, 0x0000000082900000|  0%| F|  |TAMS 0x0000000082800000, 0x0000000082800000| Untracked 
|   9|0x0000000082900000, 0x0000000082900000, 0x0000000082a00000|  0%| F|  |TAMS 0x0000000082900000, 0x0000000082900000| Untracked 
|  10|0x0000000082a00000, 0x0000000082a00000, 0x0000000082b00000|  0%| F|  |TAMS 0x0000000082a00000, 0x0000000082a00000| Untracked 
|  11|0x0000000082b00000, 0x0000000082b00000, 0x0000000082c00000|  0%| F|  |TAMS 0x0000000082b00000, 0x0000000082b00000| Untracked 
|  12|0x0000000082c00000, 0x0000000082c00000, 0x0000000082d00000|  0%| F|  |TAMS 0x0000000082c00000, 0x0000000082c00000| Untracked 
|  13|0x0000000082d00000, 0x0000000082d00000, 0x0000000082e00000|  0%| F|  |TAMS 0x0000000082d00000, 0x0000000082d00000| Untracked 
|  14|0x0000000082e00000, 0x0000000082e00000, 0x0000000082f00000|  0%| F|  |TAMS 0x0000000082e00000, 0x0000000082e00000| Untracked 
|  15|0x0000000082f00000, 0x0000000082f00000, 0x0000000083000000|  0%| F|  |TAMS 0x0000000082f00000, 0x0000000082f00000| Untracked 
|  16|0x0000000083000000, 0x0000000083000000, 0x0000000083100000|  0%| F|  |TAMS 0x0000000083000000, 0x0000000083000000| Untracked 
|  17|0x0000000083100000, 0x0000000083100000, 0x0000000083200000|  0%| F|  |TAMS 0x0000000083100000, 0x0000000083100000| Untracked 
|  18|0x0000000083200000, 0x0000000083200000, 0x0000000083300000|  0%| F|  |TAMS 0x0000000083200000, 0x0000000083200000| Untracked 
|  19|0x0000000083300000, 0x0000000083300000, 0x0000000083400000|  0%| F|  |TAMS 0x0000000083300000, 0x0000000083300000| Untracked 
|  20|0x0000000083400000, 0x0000000083400000, 0x0000000083500000|  0%| F|  |TAMS 0x0000000083400000, 0x0000000083400000| Untracked 
|  21|0x0000000083500000, 0x0000000083500000, 0x0000000083600000|  0%| F|  |TAMS 0x0000000083500000, 0x0000000083500000| Untracked 
|  22|0x0000000083600000, 0x0000000083600000, 0x0000000083700000|  0%| F|  |TAMS 0x0000000083600000, 0x0000000083600000| Untracked 
|  23|0x0000000083700000, 0x0000000083700000, 0x0000000083800000|  0%| F|  |TAMS 0x0000000083700000, 0x0000000083700000| Untracked 
|  24|0x0000000083800000, 0x0000000083800000, 0x0000000083900000|  0%| F|  |TAMS 0x0000000083800000, 0x0000000083800000| Untracked 
|  25|0x0000000083900000, 0x0000000083900000, 0x0000000083a00000|  0%| F|  |TAMS 0x0000000083900000, 0x0000000083900000| Untracked 
|  26|0x0000000083a00000, 0x0000000083a00000, 0x0000000083b00000|  0%| F|  |TAMS 0x0000000083a00000, 0x0000000083a00000| Untracked 
|  27|0x0000000083b00000, 0x0000000083b00000, 0x0000000083c00000|  0%| F|  |TAMS 0x0000000083b00000, 0x0000000083b00000| Untracked 
|  28|0x0000000083c00000, 0x0000000083c00000, 0x0000000083d00000|  0%| F|  |TAMS 0x0000000083c00000, 0x0000000083c00000| Untracked 
|  29|0x0000000083d00000, 0x0000000083d00000, 0x0000000083e00000|  0%| F|  |TAMS 0x0000000083d00000, 0x0000000083d00000| Untracked 
|  30|0x0000000083e00000, 0x0000000083e00000, 0x0000000083f00000|  0%| F|  |TAMS 0x0000000083e00000, 0x0000000083e00000| Untracked 
|  31|0x0000000083f00000, 0x0000000083f00000, 0x0000000084000000|  0%| F|  |TAMS 0x0000000083f00000, 0x0000000083f00000| Untracked 
|  32|0x0000000084000000, 0x0000000084000000, 0x0000000084100000|  0%| F|  |TAMS 0x0000000084000000, 0x0000000084000000| Untracked 
|  33|0x0000000084100000, 0x0000000084100000, 0x0000000084200000|  0%| F|  |TAMS 0x0000000084100000, 0x0000000084100000| Untracked 
|  34|0x0000000084200000, 0x0000000084200000, 0x0000000084300000|  0%| F|  |TAMS 0x0000000084200000, 0x0000000084200000| Untracked 
|  35|0x0000000084300000, 0x0000000084300000, 0x0000000084400000|  0%| F|  |TAMS 0x0000000084300000, 0x0000000084300000| Untracked 
|  36|0x0000000084400000, 0x0000000084400000, 0x0000000084500000|  0%| F|  |TAMS 0x0000000084400000, 0x0000000084400000| Untracked 
|  37|0x0000000084500000, 0x0000000084500000, 0x0000000084600000|  0%| F|  |TAMS 0x0000000084500000, 0x0000000084500000| Untracked 
|  38|0x0000000084600000, 0x0000000084600000, 0x0000000084700000|  0%| F|  |TAMS 0x0000000084600000, 0x0000000084600000| Untracked 
|  39|0x0000000084700000, 0x0000000084700000, 0x0000000084800000|  0%| F|  |TAMS 0x0000000084700000, 0x0000000084700000| Untracked 
|  40|0x0000000084800000, 0x0000000084800000, 0x0000000084900000|  0%| F|  |TAMS 0x0000000084800000, 0x0000000084800000| Untracked 
|  41|0x0000000084900000, 0x0000000084900000, 0x0000000084a00000|  0%| F|  |TAMS 0x0000000084900000, 0x0000000084900000| Untracked 
|  42|0x0000000084a00000, 0x0000000084a00000, 0x0000000084b00000|  0%| F|  |TAMS 0x0000000084a00000, 0x0000000084a00000| Untracked 
|  43|0x0000000084b00000, 0x0000000084b00000, 0x0000000084c00000|  0%| F|  |TAMS 0x0000000084b00000, 0x0000000084b00000| Untracked 
|  44|0x0000000084c00000, 0x0000000084c00000, 0x0000000084d00000|  0%| F|  |TAMS 0x0000000084c00000, 0x0000000084c00000| Untracked 
|  45|0x0000000084d00000, 0x0000000084d00000, 0x0000000084e00000|  0%| F|  |TAMS 0x0000000084d00000, 0x0000000084d00000| Untracked 
|  46|0x0000000084e00000, 0x0000000084e00000, 0x0000000084f00000|  0%| F|  |TAMS 0x0000000084e00000, 0x0000000084e00000| Untracked 
|  47|0x0000000084f00000, 0x0000000084f00000, 0x0000000085000000|  0%| F|  |TAMS 0x0000000084f00000, 0x0000000084f00000| Untracked 
|  48|0x0000000085000000, 0x0000000085000000, 0x0000000085100000|  0%| F|  |TAMS 0x0000000085000000, 0x0000000085000000| Untracked 
|  49|0x0000000085100000, 0x0000000085100000, 0x0000000085200000|  0%| F|  |TAMS 0x0000000085100000, 0x0000000085100000| Untracked 
|  50|0x0000000085200000, 0x0000000085200000, 0x0000000085300000|  0%| F|  |TAMS 0x0000000085200000, 0x0000000085200000| Untracked 
|  51|0x0000000085300000, 0x0000000085300000, 0x0000000085400000|  0%| F|  |TAMS 0x0000000085300000, 0x0000000085300000| Untracked 
|  52|0x0000000085400000, 0x0000000085400000, 0x0000000085500000|  0%| F|  |TAMS 0x0000000085400000, 0x0000000085400000| Untracked 
|  53|0x0000000085500000, 0x00000000855ac308, 0x0000000085600000| 67%| S|CS|TAMS 0x0000000085500000, 0x0000000085500000| Complete 
|  54|0x0000000085600000, 0x0000000085700000, 0x0000000085700000|100%| S|CS|TAMS 0x0000000085600000, 0x0000000085600000| Complete 
|  55|0x0000000085700000, 0x0000000085800000, 0x0000000085800000|100%| S|CS|TAMS 0x0000000085700000, 0x0000000085700000| Complete 
|  56|0x0000000085800000, 0x0000000085900000, 0x0000000085900000|100%| S|CS|TAMS 0x0000000085800000, 0x0000000085800000| Complete 
|  57|0x0000000085900000, 0x0000000085a00000, 0x0000000085a00000|100%| S|CS|TAMS 0x0000000085900000, 0x0000000085900000| Complete 
|  58|0x0000000085a00000, 0x0000000085b00000, 0x0000000085b00000|100%| S|CS|TAMS 0x0000000085a00000, 0x0000000085a00000| Complete 
|  59|0x0000000085b00000, 0x0000000085c00000, 0x0000000085c00000|100%| S|CS|TAMS 0x0000000085b00000, 0x0000000085b00000| Complete 
|  60|0x0000000085c00000, 0x0000000085c00000, 0x0000000085d00000|  0%| F|  |TAMS 0x0000000085c00000, 0x0000000085c00000| Untracked 
|  61|0x0000000085d00000, 0x0000000085d00000, 0x0000000085e00000|  0%| F|  |TAMS 0x0000000085d00000, 0x0000000085d00000| Untracked 
|  62|0x0000000085e00000, 0x0000000085e00000, 0x0000000085f00000|  0%| F|  |TAMS 0x0000000085e00000, 0x0000000085e00000| Untracked 
|  63|0x0000000085f00000, 0x0000000085f00000, 0x0000000086000000|  0%| F|  |TAMS 0x0000000085f00000, 0x0000000085f00000| Untracked 
|  64|0x0000000086000000, 0x0000000086000000, 0x0000000086100000|  0%| F|  |TAMS 0x0000000086000000, 0x0000000086000000| Untracked 
|  65|0x0000000086100000, 0x0000000086100000, 0x0000000086200000|  0%| F|  |TAMS 0x0000000086100000, 0x0000000086100000| Untracked 
|  66|0x0000000086200000, 0x0000000086200000, 0x0000000086300000|  0%| F|  |TAMS 0x0000000086200000, 0x0000000086200000| Untracked 
|  67|0x0000000086300000, 0x0000000086300000, 0x0000000086400000|  0%| F|  |TAMS 0x0000000086300000, 0x0000000086300000| Untracked 
|  68|0x0000000086400000, 0x0000000086400000, 0x0000000086500000|  0%| F|  |TAMS 0x0000000086400000, 0x0000000086400000| Untracked 
|  69|0x0000000086500000, 0x0000000086500000, 0x0000000086600000|  0%| F|  |TAMS 0x0000000086500000, 0x0000000086500000| Untracked 
|  70|0x0000000086600000, 0x0000000086600000, 0x0000000086700000|  0%| F|  |TAMS 0x0000000086600000, 0x0000000086600000| Untracked 
|  71|0x0000000086700000, 0x0000000086700000, 0x0000000086800000|  0%| F|  |TAMS 0x0000000086700000, 0x0000000086700000| Untracked 
|  72|0x0000000086800000, 0x0000000086800000, 0x0000000086900000|  0%| F|  |TAMS 0x0000000086800000, 0x0000000086800000| Untracked 
|  73|0x0000000086900000, 0x0000000086900000, 0x0000000086a00000|  0%| F|  |TAMS 0x0000000086900000, 0x0000000086900000| Untracked 
|  74|0x0000000086a00000, 0x0000000086a00000, 0x0000000086b00000|  0%| F|  |TAMS 0x0000000086a00000, 0x0000000086a00000| Untracked 
|  75|0x0000000086b00000, 0x0000000086b00000, 0x0000000086c00000|  0%| F|  |TAMS 0x0000000086b00000, 0x0000000086b00000| Untracked 
|  76|0x0000000086c00000, 0x0000000086c00000, 0x0000000086d00000|  0%| F|  |TAMS 0x0000000086c00000, 0x0000000086c00000| Untracked 
|  77|0x0000000086d00000, 0x0000000086d00000, 0x0000000086e00000|  0%| F|  |TAMS 0x0000000086d00000, 0x0000000086d00000| Untracked 
|  78|0x0000000086e00000, 0x0000000086e00000, 0x0000000086f00000|  0%| F|  |TAMS 0x0000000086e00000, 0x0000000086e00000| Untracked 
|  79|0x0000000086f00000, 0x0000000086f00000, 0x0000000087000000|  0%| F|  |TAMS 0x0000000086f00000, 0x0000000086f00000| Untracked 
|  80|0x0000000087000000, 0x0000000087000000, 0x0000000087100000|  0%| F|  |TAMS 0x0000000087000000, 0x0000000087000000| Untracked 
|  81|0x0000000087100000, 0x0000000087100000, 0x0000000087200000|  0%| F|  |TAMS 0x0000000087100000, 0x0000000087100000| Untracked 
|  82|0x0000000087200000, 0x0000000087200000, 0x0000000087300000|  0%| F|  |TAMS 0x0000000087200000, 0x0000000087200000| Untracked 
|  83|0x0000000087300000, 0x0000000087300000, 0x0000000087400000|  0%| F|  |TAMS 0x0000000087300000, 0x0000000087300000| Untracked 
|  84|0x0000000087400000, 0x0000000087400000, 0x0000000087500000|  0%| F|  |TAMS 0x0000000087400000, 0x0000000087400000| Untracked 
|  85|0x0000000087500000, 0x0000000087500000, 0x0000000087600000|  0%| F|  |TAMS 0x0000000087500000, 0x0000000087500000| Untracked 
|  86|0x0000000087600000, 0x0000000087600000, 0x0000000087700000|  0%| F|  |TAMS 0x0000000087600000, 0x0000000087600000| Untracked 
|  87|0x0000000087700000, 0x0000000087700000, 0x0000000087800000|  0%| F|  |TAMS 0x0000000087700000, 0x0000000087700000| Untracked 
|  88|0x0000000087800000, 0x0000000087800000, 0x0000000087900000|  0%| F|  |TAMS 0x0000000087800000, 0x0000000087800000| Untracked 
|  89|0x0000000087900000, 0x0000000087900000, 0x0000000087a00000|  0%| F|  |TAMS 0x0000000087900000, 0x0000000087900000| Untracked 
|  90|0x0000000087a00000, 0x0000000087a00000, 0x0000000087b00000|  0%| F|  |TAMS 0x0000000087a00000, 0x0000000087a00000| Untracked 
|  91|0x0000000087b00000, 0x0000000087b00000, 0x0000000087c00000|  0%| F|  |TAMS 0x0000000087b00000, 0x0000000087b00000| Untracked 
|  92|0x0000000087c00000, 0x0000000087c00000, 0x0000000087d00000|  0%| F|  |TAMS 0x0000000087c00000, 0x0000000087c00000| Untracked 
|  93|0x0000000087d00000, 0x0000000087d00000, 0x0000000087e00000|  0%| F|  |TAMS 0x0000000087d00000, 0x0000000087d00000| Untracked 
|  94|0x0000000087e00000, 0x0000000087e00000, 0x0000000087f00000|  0%| F|  |TAMS 0x0000000087e00000, 0x0000000087e00000| Untracked 
|  95|0x0000000087f00000, 0x0000000087f00000, 0x0000000088000000|  0%| F|  |TAMS 0x0000000087f00000, 0x0000000087f00000| Untracked 
|  96|0x0000000088000000, 0x0000000088000000, 0x0000000088100000|  0%| F|  |TAMS 0x0000000088000000, 0x0000000088000000| Untracked 
|  97|0x0000000088100000, 0x0000000088100000, 0x0000000088200000|  0%| F|  |TAMS 0x0000000088100000, 0x0000000088100000| Untracked 
|  98|0x0000000088200000, 0x0000000088200000, 0x0000000088300000|  0%| F|  |TAMS 0x0000000088200000, 0x0000000088200000| Untracked 
|  99|0x0000000088300000, 0x0000000088300000, 0x0000000088400000|  0%| F|  |TAMS 0x0000000088300000, 0x0000000088300000| Untracked 
| 100|0x0000000088400000, 0x0000000088400000, 0x0000000088500000|  0%| F|  |TAMS 0x0000000088400000, 0x0000000088400000| Untracked 
| 101|0x0000000088500000, 0x0000000088500000, 0x0000000088600000|  0%| F|  |TAMS 0x0000000088500000, 0x0000000088500000| Untracked 
| 102|0x0000000088600000, 0x0000000088600000, 0x0000000088700000|  0%| F|  |TAMS 0x0000000088600000, 0x0000000088600000| Untracked 
| 103|0x0000000088700000, 0x0000000088700000, 0x0000000088800000|  0%| F|  |TAMS 0x0000000088700000, 0x0000000088700000| Untracked 
| 104|0x0000000088800000, 0x0000000088800000, 0x0000000088900000|  0%| F|  |TAMS 0x0000000088800000, 0x0000000088800000| Untracked 
| 105|0x0000000088900000, 0x0000000088900000, 0x0000000088a00000|  0%| F|  |TAMS 0x0000000088900000, 0x0000000088900000| Untracked 
| 106|0x0000000088a00000, 0x0000000088a00000, 0x0000000088b00000|  0%| F|  |TAMS 0x0000000088a00000, 0x0000000088a00000| Untracked 
| 107|0x0000000088b00000, 0x0000000088b00000, 0x0000000088c00000|  0%| F|  |TAMS 0x0000000088b00000, 0x0000000088b00000| Untracked 
| 108|0x0000000088c00000, 0x0000000088c00000, 0x0000000088d00000|  0%| F|  |TAMS 0x0000000088c00000, 0x0000000088c00000| Untracked 
| 109|0x0000000088d00000, 0x0000000088d00000, 0x0000000088e00000|  0%| F|  |TAMS 0x0000000088d00000, 0x0000000088d00000| Untracked 
| 110|0x0000000088e00000, 0x0000000088e00000, 0x0000000088f00000|  0%| F|  |TAMS 0x0000000088e00000, 0x0000000088e00000| Untracked 
| 111|0x0000000088f00000, 0x0000000088f00000, 0x0000000089000000|  0%| F|  |TAMS 0x0000000088f00000, 0x0000000088f00000| Untracked 
| 112|0x0000000089000000, 0x0000000089000000, 0x0000000089100000|  0%| F|  |TAMS 0x0000000089000000, 0x0000000089000000| Untracked 
| 113|0x0000000089100000, 0x0000000089100000, 0x0000000089200000|  0%| F|  |TAMS 0x0000000089100000, 0x0000000089100000| Untracked 
| 114|0x0000000089200000, 0x0000000089280800, 0x0000000089300000| 50%| E|  |TAMS 0x0000000089200000, 0x0000000089200000| Complete 
| 115|0x0000000089300000, 0x0000000089400000, 0x0000000089400000|100%| E|CS|TAMS 0x0000000089300000, 0x0000000089300000| Complete 
| 116|0x0000000089400000, 0x0000000089500000, 0x0000000089500000|100%| E|CS|TAMS 0x0000000089400000, 0x0000000089400000| Complete 
| 117|0x0000000089500000, 0x0000000089600000, 0x0000000089600000|100%| E|CS|TAMS 0x0000000089500000, 0x0000000089500000| Complete 
| 118|0x0000000089600000, 0x0000000089700000, 0x0000000089700000|100%| E|CS|TAMS 0x0000000089600000, 0x0000000089600000| Complete 
| 119|0x0000000089700000, 0x0000000089800000, 0x0000000089800000|100%| E|CS|TAMS 0x0000000089700000, 0x0000000089700000| Complete 
| 120|0x0000000089800000, 0x0000000089900000, 0x0000000089900000|100%| E|CS|TAMS 0x0000000089800000, 0x0000000089800000| Complete 
| 121|0x0000000089900000, 0x0000000089a00000, 0x0000000089a00000|100%| E|CS|TAMS 0x0000000089900000, 0x0000000089900000| Complete 
| 122|0x0000000089a00000, 0x0000000089b00000, 0x0000000089b00000|100%| E|CS|TAMS 0x0000000089a00000, 0x0000000089a00000| Complete 
| 123|0x0000000089b00000, 0x0000000089c00000, 0x0000000089c00000|100%| E|CS|TAMS 0x0000000089b00000, 0x0000000089b00000| Complete 
| 124|0x0000000089c00000, 0x0000000089d00000, 0x0000000089d00000|100%| E|CS|TAMS 0x0000000089c00000, 0x0000000089c00000| Complete 
| 125|0x0000000089d00000, 0x0000000089e00000, 0x0000000089e00000|100%| E|CS|TAMS 0x0000000089d00000, 0x0000000089d00000| Complete 

Card table byte_map: [0x000000001a4d0000,0x000000001a8c0000] _byte_map_base: 0x000000001a0c0000

Marking Bits (Prev, Next): (CMBitMap*) 0x000000000035a828, (CMBitMap*) 0x000000000035a868
 Prev Bits: [0x000000001acb0000, 0x000000001cc30000)
 Next Bits: [0x000000001cc30000, 0x000000001ebb0000)

Polling page: 0x0000000000230000

Metaspace:

Usage:
  Non-class:     13.77 MB capacity,    12.88 MB ( 94%) used,   894.24 KB (  6%) free+waste,    21.19 KB ( <1%) overhead. 
      Class:      1.88 MB capacity,     1.62 MB ( 86%) used,   254.55 KB ( 13%) free+waste,     9.81 KB ( <1%) overhead. 
       Both:     15.65 MB capacity,    14.50 MB ( 93%) used,     1.12 MB (  7%) free+waste,    31.00 KB ( <1%) overhead. 

Virtual space:
  Non-class space:       14.00 MB reserved,      14.00 MB (100%) committed 
      Class space:        1.00 GB reserved,       2.00 MB ( <1%) committed 
             Both:        1.01 GB reserved,      16.00 MB (  2%) committed 

Chunk freelists:
   Non-Class:  5.50 KB
       Class:  3.38 KB
        Both:  8.88 KB

CodeHeap 'non-profiled nmethods': size=120064Kb used=1967Kb max_used=1967Kb free=118096Kb
 bounds [0x0000000012580000, 0x00000000127f0000, 0x0000000019ac0000]
CodeHeap 'profiled nmethods': size=120000Kb used=7835Kb max_used=7835Kb free=112164Kb
 bounds [0x000000000b050000, 0x000000000b800000, 0x0000000012580000]
CodeHeap 'non-nmethods': size=5696Kb used=1146Kb max_used=1182Kb free=4549Kb
 bounds [0x000000000aac0000, 0x000000000ad30000, 0x000000000b050000]
 total_blobs=4959 nmethods=3686 adapters=373
 compilation: enabled
              stopped_count=0, restarted_count=0
 full_count=0

Compilation events (10 events):
Event: 10.072 Thread 0x0000000022081800 3692       3       java.lang.String::checkOffset (46 bytes)
Event: 10.073 Thread 0x0000000022081800 nmethod 3692 0x000000000b7f5b10 code [0x000000000b7f5da0, 0x000000000b7f6800]
Event: 10.074 Thread 0x0000000022079000 nmethod 3687 0x0000000012769c10 code [0x0000000012769dc0, 0x000000001276a338]
Event: 10.074 Thread 0x0000000022079000 3694   !   4       java.util.zip.Deflater::deflate (413 bytes)
Event: 10.078 Thread 0x0000000022079000 nmethod 3694 0x000000001276ac10 code [0x000000001276adc0, 0x000000001276b3e8]
Event: 10.078 Thread 0x0000000022079000 3686       4       java.net.URI$Parser::scan (76 bytes)
Event: 10.080 Thread 0x0000000022079000 nmethod 3686 0x000000001276b790 code [0x000000001276b940, 0x000000001276bb68]
Event: 13.645 Thread 0x0000000022081800 3696       3       java.io.FileInputStream::available (5 bytes)
Event: 13.645 Thread 0x0000000022081800 nmethod 3696 0x000000000b7f6b90 code [0x000000000b7f6d60, 0x000000000b7f6f10]
Event: 19.729 Thread 0x0000000022079000 3697  s    4       org.fusesource.jansi.AnsiPrintStream::filter (948 bytes)

GC Heap History (10 events):
Event: 0.581 GC heap before
{Heap before GC invocations=0 (full 0):
 garbage-first heap   total 129024K, used 14336K [0x0000000082000000, 0x0000000100000000)
  region size 1024K, 14 young (14336K), 0 survivors (0K)
 Metaspace       used 3574K, capacity 6830K, committed 6912K, reserved 1056768K
  class space    used 385K, capacity 725K, committed 768K, reserved 1048576K
}
Event: 0.585 GC heap after
{Heap after GC invocations=1 (full 0):
 garbage-first heap   total 129024K, used 3226K [0x0000000082000000, 0x0000000100000000)
  region size 1024K, 2 young (2048K), 2 survivors (2048K)
 Metaspace       used 3574K, capacity 6830K, committed 6912K, reserved 1056768K
  class space    used 385K, capacity 725K, committed 768K, reserved 1048576K
}
Event: 0.715 GC heap before
{Heap before GC invocations=1 (full 0):
 garbage-first heap   total 129024K, used 13466K [0x0000000082000000, 0x0000000100000000)
  region size 1024K, 12 young (12288K), 2 survivors (2048K)
 Metaspace       used 5093K, capacity 7834K, committed 8064K, reserved 1056768K
  class space    used 602K, capacity 889K, committed 896K, reserved 1048576K
}
Event: 0.718 GC heap after
{Heap after GC invocations=2 (full 0):
 garbage-first heap   total 129024K, used 3842K [0x0000000082000000, 0x0000000100000000)
  region size 1024K, 1 young (1024K), 1 survivors (1024K)
 Metaspace       used 5093K, capacity 7834K, committed 8064K, reserved 1056768K
  class space    used 602K, capacity 889K, committed 896K, reserved 1048576K
}
Event: 1.055 GC heap before
{Heap before GC invocations=2 (full 0):
 garbage-first heap   total 129024K, used 33538K [0x0000000082000000, 0x0000000100000000)
  region size 1024K, 30 young (30720K), 1 survivors (1024K)
 Metaspace       used 9095K, capacity 11505K, committed 11648K, reserved 1058816K
  class space    used 1108K, capacity 1383K, committed 1408K, reserved 1048576K
}
Event: 1.057 GC heap after
{Heap after GC invocations=3 (full 0):
 garbage-first heap   total 129024K, used 5052K [0x0000000082000000, 0x0000000100000000)
  region size 1024K, 2 young (2048K), 2 survivors (2048K)
 Metaspace       used 9095K, capacity 11505K, committed 11648K, reserved 1058816K
  class space    used 1108K, capacity 1383K, committed 1408K, reserved 1048576K
}
Event: 2.276 GC heap before
{Heap before GC invocations=3 (full 0):
 garbage-first heap   total 129024K, used 56252K [0x0000000082000000, 0x0000000100000000)
  region size 1024K, 52 young (53248K), 2 survivors (2048K)
 Metaspace       used 12843K, capacity 14622K, committed 14848K, reserved 1062912K
  class space    used 1493K, capacity 1729K, committed 1792K, reserved 1048576K
}
Event: 2.280 GC heap after
{Heap after GC invocations=4 (full 0):
 garbage-first heap   total 129024K, used 7448K [0x0000000082000000, 0x0000000100000000)
  region size 1024K, 5 young (5120K), 5 survivors (5120K)
 Metaspace       used 12843K, capacity 14622K, committed 14848K, reserved 1062912K
  class space    used 1493K, capacity 1729K, committed 1792K, reserved 1048576K
}
Event: 3.629 GC heap before
{Heap before GC invocations=4 (full 0):
 garbage-first heap   total 129024K, used 69912K [0x0000000082000000, 0x0000000100000000)
  region size 1024K, 66 young (67584K), 5 survivors (5120K)
 Metaspace       used 14086K, capacity 15764K, committed 16000K, reserved 1062912K
  class space    used 1590K, capacity 1875K, committed 1920K, reserved 1048576K
}
Event: 3.636 GC heap after
{Heap after GC invocations=5 (full 0):
 garbage-first heap   total 129024K, used 10091K [0x0000000082000000, 0x0000000100000000)
  region size 1024K, 7 young (7168K), 7 survivors (7168K)
 Metaspace       used 14086K, capacity 15764K, committed 16000K, reserved 1062912K
  class space    used 1590K, capacity 1875K, committed 1920K, reserved 1048576K
}

Deoptimization events (10 events):
Event: 3.583 Thread 0x0000000000319800 Uncommon trap: reason=profile_predicate action=maybe_recompile pc=0x000000001274ce58 method=java.util.concurrent.ConcurrentHashMap.putAll(Ljava/util/Map;)V @ 28 c2
Event: 3.583 Thread 0x0000000000319800 Uncommon trap: reason=profile_predicate action=maybe_recompile pc=0x000000001274ce58 method=java.util.concurrent.ConcurrentHashMap.putAll(Ljava/util/Map;)V @ 28 c2
Event: 3.583 Thread 0x0000000000319800 Uncommon trap: reason=profile_predicate action=maybe_recompile pc=0x000000001274ce58 method=java.util.concurrent.ConcurrentHashMap.putAll(Ljava/util/Map;)V @ 28 c2
Event: 3.584 Thread 0x0000000000319800 Uncommon trap: reason=profile_predicate action=maybe_recompile pc=0x000000001274ce58 method=java.util.concurrent.ConcurrentHashMap.putAll(Ljava/util/Map;)V @ 28 c2
Event: 3.670 Thread 0x0000000000319800 Uncommon trap: reason=unstable_if action=reinterpret pc=0x00000000125e4c30 method=java.io.WinNTFileSystem.normalize(Ljava/lang/String;)Ljava/lang/String; @ 128 c2
Event: 9.977 Thread 0x0000000000319800 Uncommon trap: reason=class_check action=maybe_recompile pc=0x00000000125ae164 method=jdk.internal.loader.URLClassPath.getLoader(I)Ljdk/internal/loader/URLClassPath$Loader; @ 88 c2
Event: 9.986 Thread 0x0000000000319800 Uncommon trap: reason=unstable_if action=reinterpret pc=0x00000000125bb9e8 method=jdk.internal.loader.URLClassPath$JarLoader.getResource(Ljava/lang/String;Z)Ljdk/internal/loader/Resource; @ 42 c2
Event: 9.988 Thread 0x0000000000319800 Uncommon trap: reason=unstable_if action=reinterpret pc=0x00000000125ae510 method=java.util.HashMap.putVal(ILjava/lang/Object;Ljava/lang/Object;ZZ)Ljava/lang/Object; @ 181 c2
Event: 10.023 Thread 0x0000000000319800 Uncommon trap: reason=unstable_if action=reinterpret pc=0x00000000127189f4 method=java.util.jar.Manifest$FastInputStream.readLine([BII)I @ 90 c2
Event: 10.071 Thread 0x0000000000319800 Uncommon trap: reason=unstable_if action=reinterpret pc=0x0000000012764374 method=java.util.zip.Deflater.deflate([BIII)I @ 81 c2

Classes redefined (0 events):
No events

Internal exceptions (10 events):
Event: 1.366 Thread 0x0000000000319800 Implicit null exception at 0x00000000125e5385 to 0x00000000125e5562
Event: 1.366 Thread 0x0000000000319800 Implicit null exception at 0x00000000125ff64f to 0x00000000125ff6cd
Event: 1.367 Thread 0x0000000000319800 Implicit null exception at 0x00000000125eef4b to 0x00000000125ef612
Event: 3.251 Thread 0x0000000000319800 Exception <a 'java/lang/NoSuchMethodError'{0x0000000087121178}: java.lang.invoke.DirectMethodHandle$Holder.invokeVirtual(Ljava/lang/Object;Ljava/lang/Object;)I> (0x0000000087121178) thrown at [t:/workspace/open/src/hotspot/share/interpreter/linkResolver.c
Event: 3.747 Thread 0x0000000000319800 Exception <a 'java/lang/NoSuchMethodError'{0x000000008981c288}: java.lang.invoke.DirectMethodHandle$Holder.invokeStaticInit(Ljava/lang/Object;Ljava/lang/Object;IIII)Ljava/lang/Object;> (0x000000008981c288) thrown at [t:/workspace/open/src/hotspot/share/in
Event: 4.043 Thread 0x0000000000319800 Exception <a 'java/lang/NoSuchMethodError'{0x0000000089758488}: java.lang.invoke.DirectMethodHandle$Holder.invokeStatic(Ljava/lang/Object;J)V> (0x0000000089758488) thrown at [t:/workspace/open/src/hotspot/share/interpreter/linkResolver.cpp, line 777]
Event: 4.045 Thread 0x0000000000319800 Exception <a 'java/lang/NoSuchMethodError'{0x00000000897600f0}: java.lang.invoke.DirectMethodHandle$Holder.invokeStatic(Ljava/lang/Object;Ljava/lang/Object;JLjava/lang/Object;)Ljava/lang/Object;> (0x00000000897600f0) thrown at [t:/workspace/open/src/hotsp
Event: 4.045 Thread 0x0000000000319800 Exception <a 'java/lang/NoSuchMethodError'{0x0000000089763078}: java.lang.invoke.DirectMethodHandle$Holder.invokeStaticInit(Ljava/lang/Object;Ljava/lang/Object;JLjava/lang/Object;)Ljava/lang/Object;> (0x0000000089763078) thrown at [t:/workspace/open/src/h
Event: 4.046 Thread 0x0000000000319800 Exception <a 'java/lang/NoSuchMethodError'{0x0000000089768a78}: java.lang.invoke.Invokers$Holder.linkToTargetMethod(Ljava/lang/Object;JLjava/lang/Object;)Ljava/lang/Object;> (0x0000000089768a78) thrown at [t:/workspace/open/src/hotspot/share/interpreter/l
Event: 9.959 Thread 0x0000000000319800 Exception <a 'sun/nio/fs/WindowsException'{0x0000000089779480}> (0x0000000089779480) thrown at [t:/workspace/open/src/hotspot/share/prims/jni.cpp, line 615]

Events (10 events):
Event: 10.065 loading class org/codehaus/plexus/util/StringUtils
Event: 10.065 loading class org/codehaus/plexus/util/StringUtils done
Event: 10.071 Thread 0x0000000000319800 Uncommon trap: trap_request=0xffffff4d fr.pc=0x0000000012764374 relative=0x0000000000000494
Event: 10.071 Executing VM operation: RevokeBias
Event: 10.071 Executing VM operation: RevokeBias done
Event: 10.071 Thread 0x0000000000319800 DEOPT PACKING pc=0x0000000012764374 sp=0x000000000226da20
Event: 10.071 Thread 0x0000000000319800 DEOPT UNPACKING pc=0x000000000aae9baf sp=0x000000000226d980 mode 2
Event: 10.317 Thread 0x0000000024eaa800 Thread added: 0x0000000024eaa800
Event: 10.317 Thread 0x0000000024eab800 Thread added: 0x0000000024eab800
Event: 10.317 Thread 0x0000000024e84000 Thread added: 0x0000000024e84000


Dynamic libraries:
0x000000013f650000 - 0x000000013f65f000 	C:\Program Files\Java\jdk-12.0.1\bin\java.exe
0x0000000077a40000 - 0x0000000077bdf000 	C:\Windows\SYSTEM32\ntdll.dll
0x0000000077820000 - 0x000000007793f000 	C:\Windows\system32\kernel32.dll
0x000007fefdaa0000 - 0x000007fefdb0a000 	C:\Windows\system32\KERNELBASE.dll
0x000007fee64a0000 - 0x000007fee64b8000 	C:\Program Files\Java\jdk-12.0.1\bin\jli.dll
0x000007fefe470000 - 0x000007fefe54b000 	C:\Windows\system32\ADVAPI32.dll
0x000007fefdcf0000 - 0x000007fefdd8f000 	C:\Windows\system32\msvcrt.dll
0x000007fefdec0000 - 0x000007fefdedf000 	C:\Windows\SYSTEM32\sechost.dll
0x000007fefe230000 - 0x000007fefe35c000 	C:\Windows\system32\RPCRT4.dll
0x000007fefbc90000 - 0x000007fefbe85000 	C:\Windows\WinSxS\amd64_microsoft.windows.common-controls_6595b64144ccf1df_6.0.7601.24440_none_e36f1bbf30ff0606\COMCTL32.dll
0x000007fefe170000 - 0x000007fefe1d7000 	C:\Windows\system32\GDI32.dll
0x0000000077940000 - 0x0000000077a3a000 	C:\Windows\system32\USER32.dll
0x000007fefdcd0000 - 0x000007fefdcde000 	C:\Windows\system32\LPK.dll
0x000007feff560000 - 0x000007feff62b000 	C:\Windows\system32\USP10.dll
0x000007feff630000 - 0x000007feff6a1000 	C:\Windows\system32\SHLWAPI.dll
0x000007fefc860000 - 0x000007fefc86c000 	C:\Windows\system32\VERSION.dll
0x000007fecc4b0000 - 0x000007fecc4c6000 	C:\Program Files\Java\jdk-12.0.1\bin\VCRUNTIME140.dll
0x000007fefab40000 - 0x000007fefab44000 	C:\Program Files\Java\jdk-12.0.1\bin\api-ms-win-crt-runtime-l1-1-0.dll
0x000007fecbff0000 - 0x000007fecc0e6000 	C:\Program Files\Java\jdk-12.0.1\bin\ucrtbase.DLL
0x000007fef84c0000 - 0x000007fef84c3000 	C:\Program Files\Java\jdk-12.0.1\bin\api-ms-win-core-localization-l1-2-0.dll
0x000007fecc4a0000 - 0x000007fecc4a3000 	C:\Program Files\Java\jdk-12.0.1\bin\api-ms-win-core-processthreads-l1-1-1.dll
0x000007fecc450000 - 0x000007fecc453000 	C:\Program Files\Java\jdk-12.0.1\bin\api-ms-win-core-file-l1-2-0.dll
0x000007fecc440000 - 0x000007fecc443000 	C:\Program Files\Java\jdk-12.0.1\bin\api-ms-win-core-timezone-l1-1-0.dll
0x000007fecc430000 - 0x000007fecc433000 	C:\Program Files\Java\jdk-12.0.1\bin\api-ms-win-core-file-l2-1-0.dll
0x000007fecc420000 - 0x000007fecc423000 	C:\Program Files\Java\jdk-12.0.1\bin\api-ms-win-core-synch-l1-2-0.dll
0x000007fecc410000 - 0x000007fecc414000 	C:\Program Files\Java\jdk-12.0.1\bin\api-ms-win-crt-string-l1-1-0.dll
0x000007fecbfe0000 - 0x000007fecbfe3000 	C:\Program Files\Java\jdk-12.0.1\bin\api-ms-win-crt-heap-l1-1-0.dll
0x000007fecbfd0000 - 0x000007fecbfd4000 	C:\Program Files\Java\jdk-12.0.1\bin\api-ms-win-crt-stdio-l1-1-0.dll
0x000007fecbfc0000 - 0x000007fecbfc4000 	C:\Program Files\Java\jdk-12.0.1\bin\api-ms-win-crt-convert-l1-1-0.dll
0x000007fecbfb0000 - 0x000007fecbfb3000 	C:\Program Files\Java\jdk-12.0.1\bin\api-ms-win-crt-environment-l1-1-0.dll
0x000007fecbfa0000 - 0x000007fecbfa3000 	C:\Program Files\Java\jdk-12.0.1\bin\api-ms-win-crt-filesystem-l1-1-0.dll
0x000007fecbf90000 - 0x000007fecbf95000 	C:\Program Files\Java\jdk-12.0.1\bin\api-ms-win-crt-math-l1-1-0.dll
0x000007fecbf80000 - 0x000007fecbf83000 	C:\Program Files\Java\jdk-12.0.1\bin\api-ms-win-crt-locale-l1-1-0.dll
0x000007fefde90000 - 0x000007fefdebe000 	C:\Windows\system32\IMM32.DLL
0x000007fefe360000 - 0x000007fefe469000 	C:\Windows\system32\MSCTF.dll
0x000007fecbed0000 - 0x000007fecbf7a000 	C:\Program Files\Java\jdk-12.0.1\bin\msvcp140.dll
0x000007fecbec0000 - 0x000007fecbec5000 	C:\Program Files\Java\jdk-12.0.1\bin\api-ms-win-crt-multibyte-l1-1-0.dll
0x000007fecbeb0000 - 0x000007fecbeb3000 	C:\Program Files\Java\jdk-12.0.1\bin\api-ms-win-crt-time-l1-1-0.dll
0x000007fecbea0000 - 0x000007fecbea3000 	C:\Program Files\Java\jdk-12.0.1\bin\api-ms-win-crt-utility-l1-1-0.dll
0x000007fecb320000 - 0x000007fecbe94000 	C:\Program Files\Java\jdk-12.0.1\bin\server\jvm.dll
0x000007fef7930000 - 0x000007fef7939000 	C:\Windows\system32\WSOCK32.dll
0x000007fefe1e0000 - 0x000007fefe22d000 	C:\Windows\system32\WS2_32.dll
0x000007fefdce0000 - 0x000007fefdce8000 	C:\Windows\system32\NSI.dll
0x000007fefb170000 - 0x000007fefb1ab000 	C:\Windows\system32\WINMM.dll
0x0000000077bf0000 - 0x0000000077bf7000 	C:\Windows\system32\PSAPI.DLL
0x000007fecb300000 - 0x000007fecb311000 	C:\Program Files\Java\jdk-12.0.1\bin\verify.dll
0x000007fee6350000 - 0x000007fee6475000 	C:\Windows\system32\DBGHELP.DLL
0x000007fecb2d0000 - 0x000007fecb2f6000 	C:\Program Files\Java\jdk-12.0.1\bin\java.dll
0x000007fecb2b0000 - 0x000007fecb2c7000 	C:\Program Files\Java\jdk-12.0.1\bin\zip.dll
0x000007fecb2a0000 - 0x000007fecb2aa000 	C:\Program Files\Java\jdk-12.0.1\bin\jimage.dll
0x000007fefe550000 - 0x000007feff2db000 	C:\Windows\system32\SHELL32.dll
0x000007feff730000 - 0x000007feff92f000 	C:\Windows\system32\ole32.dll
0x000007fefd790000 - 0x000007fefd79f000 	C:\Windows\system32\profapi.dll
0x000007fecb280000 - 0x000007fecb299000 	C:\Program Files\Java\jdk-12.0.1\bin\net.dll
0x000007fef9840000 - 0x000007fef98b1000 	C:\Windows\system32\WINHTTP.dll
0x000007fef97d0000 - 0x000007fef9834000 	C:\Windows\system32\webio.dll
0x000007fefdb40000 - 0x000007fefdcc5000 	C:\Windows\system32\urlmon.dll
0x000007fefda50000 - 0x000007fefda54000 	C:\Windows\system32\api-ms-win-downlevel-ole32-l1-1-0.dll
0x000007fefd990000 - 0x000007fefd994000 	C:\Windows\system32\api-ms-win-downlevel-shlwapi-l1-1-0.dll
0x000007fefd7a0000 - 0x000007fefd7a5000 	C:\Windows\system32\api-ms-win-downlevel-advapi32-l1-1-0.dll
0x000007fefd980000 - 0x000007fefd984000 	C:\Windows\system32\api-ms-win-downlevel-user32-l1-1-0.dll
0x000007fefda40000 - 0x000007fefda44000 	C:\Windows\system32\api-ms-win-downlevel-version-l1-1-0.dll
0x000007fefdb30000 - 0x000007fefdb33000 	C:\Windows\system32\api-ms-win-downlevel-normaliz-l1-1-0.dll
0x0000000077be0000 - 0x0000000077be3000 	C:\Windows\system32\normaliz.DLL
0x000007feff930000 - 0x000007feffbf8000 	C:\Windows\system32\iertutil.dll
0x000007fefdee0000 - 0x000007fefe163000 	C:\Windows\system32\WININET.dll
0x000007fefdb10000 - 0x000007fefdb2e000 	C:\Windows\system32\USERENV.dll
0x000007fefcf10000 - 0x000007fefcf65000 	C:\Windows\system32\mswsock.dll
0x000007fefcf00000 - 0x000007fefcf07000 	C:\Windows\System32\wship6.dll
0x000007fecb260000 - 0x000007fecb273000 	C:\Program Files\Java\jdk-12.0.1\bin\nio.dll
0x000007fef7ec0000 - 0x000007fef7eca000 	C:\Tools\apache-maven-3.6.1\lib\jansi-native\windows64\jansi.dll
0x000007fefcf70000 - 0x000007fefcf88000 	C:\Windows\system32\CRYPTSP.dll
0x000007fefcc70000 - 0x000007fefccb7000 	C:\Windows\system32\rsaenh.dll
0x000007fefd620000 - 0x000007fefd62f000 	C:\Windows\system32\CRYPTBASE.dll
0x000007fefbbe0000 - 0x000007fefbc07000 	C:\Windows\system32\IPHLPAPI.DLL
0x000007fefbbd0000 - 0x000007fefbbdb000 	C:\Windows\system32\WINNSI.DLL
0x000007fefb410000 - 0x000007fefb421000 	C:\Windows\system32\dhcpcsvc6.DLL
0x000007fefb3d0000 - 0x000007fefb3e8000 	C:\Windows\system32\dhcpcsvc.DLL
0x000007fefd5c0000 - 0x000007fefd617000 	C:\Windows\system32\apphelp.dll

dbghelp: loaded successfully - version: 4.0.5 - missing functions: none
symbol engine: initialized successfully - sym options: 0x614 - pdb path: .;C:\Program Files\Java\jdk-12.0.1\bin;C:\Windows\SYSTEM32;C:\Windows\WinSxS\amd64_microsoft.windows.common-controls_6595b64144ccf1df_6.0.7601.24440_none_e36f1bbf30ff0606;C:\Program Files\Java\jdk-12.0.1\bin\server;C:\Tools\apache-maven-3.6.1\lib\jansi-native\windows64

VM Arguments:
jvm_args: -Dclassworlds.conf=C:\Tools\apache-maven-3.6.1\bin\..\bin\m2.conf -Dmaven.home=C:\Tools\apache-maven-3.6.1\bin\.. -Dlibrary.jansi.path=C:\Tools\apache-maven-3.6.1\bin\..\lib\jansi-native -Dmaven.multiModuleProjectDirectory=C:\MavenProjects\transdekra 
java_command: org.codehaus.plexus.classworlds.launcher.Launcher gatling:test -Darg=stage
java_class_path (initial): C:\Tools\apache-maven-3.6.1\bin\..\boot\plexus-classworlds-2.6.0.jar
Launcher Type: SUN_STANDARD

[Global flags]
     intx CICompilerCount                          = 3                                         {product} {ergonomic}
     uint ConcGCThreads                            = 1                                         {product} {ergonomic}
     uint G1ConcRefinementThreads                  = 4                                         {product} {ergonomic}
   size_t G1HeapRegionSize                         = 1048576                                   {product} {ergonomic}
    uintx GCDrainStackTargetSize                   = 64                                        {product} {ergonomic}
   size_t InitialHeapSize                          = 132120576                                 {product} {ergonomic}
   size_t MarkStackSize                            = 4194304                                   {product} {ergonomic}
   size_t MaxHeapSize                              = 2113929216                                {product} {ergonomic}
   size_t MaxNewSize                               = 1267728384                                {product} {ergonomic}
   size_t MinHeapDeltaBytes                        = 1048576                                   {product} {ergonomic}
    uintx NonNMethodCodeHeapSize                   = 5830732                                {pd product} {ergonomic}
    uintx NonProfiledCodeHeapSize                  = 122913754                              {pd product} {ergonomic}
    uintx ProfiledCodeHeapSize                     = 122913754                              {pd product} {ergonomic}
    uintx ReservedCodeCacheSize                    = 251658240                              {pd product} {ergonomic}
     bool SegmentedCodeCache                       = true                                      {product} {ergonomic}
     bool UseCompressedClassPointers               = true                                 {lp64_product} {ergonomic}
     bool UseCompressedOops                        = true                                 {lp64_product} {ergonomic}
     bool UseG1GC                                  = true                                      {product} {ergonomic}
     bool UseLargePagesIndividualAllocation        = false                                  {pd product} {ergonomic}

Logging:
Log output configuration:
 #0: stdout all=warning uptime,level,tags
 #1: stderr all=off uptime,level,tags

Environment Variables:
JAVA_HOME=C:\Program Files\Java\jdk-12.0.1
PATH=C:\Program Files (x86)\Common Files\Oracle\Java\javapath;C:\ProgramData\Oracle\Java\javapath;C:\Program Files (x86)\Intel\iCLS Client\;C:\Program Files\Intel\iCLS Client\;C:\Windows\system32;C:\Windows;C:\Windows\System32\Wbem;C:\Windows\System32\WindowsPowerShell\v1.0\;C:\Program Files (x86)\Intel\Intel(R) Management Engine Components\DAL;C:\Program Files\Intel\Intel(R) Management Engine Components\DAL;C:\Program Files (x86)\Intel\Intel(R) Management Engine Components\IPT;C:\Program Files\Intel\Intel(R) Management Engine Components\IPT;C:\Program Files\Common Files\ThinPrint\;C:\Program Files\dotnet\;C:\Program Files\Microsoft SQL Server\130\Tools\Binn\;C:\Program Files (x86)\Microsoft SQL Server\Client SDK\ODBC\110\Tools\Binn\;C:\Program Files (x86)\Microsoft SQL Server\120\Tools\Binn\ManagementStudio\;C:\Program Files (x86)\Microsoft SQL Server\120\Tools\Binn\;C:\Program Files (x86)\Microsoft SQL Server\120\DTS\Binn\;C:\Program Files\Java\jdk-12.0.1\bin;C:\Tools\apache-maven-3.6.1\bin;C:\Program Files\Git\cmd;C:\Program Files\PuTTY\;C:\Users\Dobrynin\AppData\Local\GitHubDesktop\bin;C:\Users\Dobrynin\AppData\Local\atom\bin;C:\Program Files\Java\jdk-12.0.1\ bin;C:\Tools\apache-maven-3.6.1\ bin;% PATH%;
USERNAME=Dobrynin
OS=Windows_NT
PROCESSOR_IDENTIFIER=Intel64 Family 6 Model 158 Stepping 9, GenuineIntel



---------------  S Y S T E M  ---------------

OS: Windows 7 , 64 bit Build 7601 (6.1.7601.24441)

CPU:total 4 (initial active 4) (4 cores per cpu, 1 threads per core) family 6 model 158 stepping 9, cmov, cx8, fxsr, mmx, sse, sse2, sse3, ssse3, sse4.1, sse4.2, popcnt, avx, avx2, aes, clmul, erms, rtm, 3dnowpref, lzcnt, tsc, tscinvbit, bmi1, bmi2, adx, fma

Memory: 4k page, system-wide physical 8060M (55M free)
TotalPageFile size 32240M (AvailPageFile size 3M)
current process WorkingSet (physical memory assigned to process): 143M, peak: 164M
current process commit charge ("private bytes"): 233M, peak: 254M

vm_info: Java HotSpot(TM) 64-Bit Server VM (12.0.1+12) for windows-amd64 JRE (12.0.1+12), built on Apr  2 2019 14:02:19 by "mach5one" with MS VC++ 15.5 (VS2017)

END.
